2019-10-25 14:52:46,756 [main] INFO com.odoo.webutils.MyTestListener - Framework execution starts
2019-10-25 14:52:58,567 [main] INFO com.odoo.webutils.MyTestListener - Browser Launched and maximized
2019-10-25 14:53:06,635 [main] INFO com.odoo.webutils.MyTestListener - validLoginTest script execution starts
2019-10-25 14:53:50,777 [main] FATAL com.odoo.webutils.MyTestListener - no such element: Unable to locate element: {"method":"xpath","selector":"//input[@id='login']"}
  (Session info: chrome=77.0.3865.120)
For documentation on this error, please visit: https://www.seleniumhq.org/exceptions/no_such_element.html
Build info: version: '3.141.59', revision: 'e82be7d358', time: '2018-11-14T08:17:03'
System info: host: 'DESKTOP-G24M896', ip: '127.0.0.1', os.name: 'Windows 10', os.arch: 'amd64', os.version: '10.0', java.version: '1.8.0_144'
Driver info: org.openqa.selenium.chrome.ChromeDriver
Capabilities {acceptInsecureCerts: false, browserName: chrome, browserVersion: 77.0.3865.120, chrome: {chromedriverVersion: 77.0.3865.40 (f484704e052e0..., userDataDir: C:\Users\WELCOME\AppData\Lo...}, goog:chromeOptions: {debuggerAddress: localhost:50294}, javascriptEnabled: true, networkConnectionEnabled: false, pageLoadStrategy: normal, platform: XP, platformName: XP, proxy: Proxy(), setWindowRect: true, strictFileInteractability: false, timeouts: {implicit: 0, pageLoad: 300000, script: 30000}, unhandledPromptBehavior: dismiss and notify}
Session ID: 708a3f28a3f9459d19d3824b5581b50c
*** Element info: {Using=xpath, value=//input[@id='login']}
2019-10-25 14:53:51,144 [main] WARN com.odoo.webutils.MyTestListener - validLoginTest script is failed
2019-10-25 14:53:52,026 [main] INFO com.odoo.webutils.MyTestListener - validLoginTest Failed & Screenshot has been taken 
2019-10-25 14:53:53,035 [main] INFO com.odoo.webutils.MyTestListener - InvalidLoginTest script execution starts
2019-10-25 14:54:23,242 [main] FATAL com.odoo.webutils.MyTestListener - no such element: Unable to locate element: {"method":"xpath","selector":"//input[@id='login']"}
  (Session info: chrome=77.0.3865.120)
For documentation on this error, please visit: https://www.seleniumhq.org/exceptions/no_such_element.html
Build info: version: '3.141.59', revision: 'e82be7d358', time: '2018-11-14T08:17:03'
System info: host: 'DESKTOP-G24M896', ip: '127.0.0.1', os.name: 'Windows 10', os.arch: 'amd64', os.version: '10.0', java.version: '1.8.0_144'
Driver info: org.openqa.selenium.chrome.ChromeDriver
Capabilities {acceptInsecureCerts: false, browserName: chrome, browserVersion: 77.0.3865.120, chrome: {chromedriverVersion: 77.0.3865.40 (f484704e052e0..., userDataDir: C:\Users\WELCOME\AppData\Lo...}, goog:chromeOptions: {debuggerAddress: localhost:50294}, javascriptEnabled: true, networkConnectionEnabled: false, pageLoadStrategy: normal, platform: XP, platformName: XP, proxy: Proxy(), setWindowRect: true, strictFileInteractability: false, timeouts: {implicit: 0, pageLoad: 300000, script: 30000}, unhandledPromptBehavior: dismiss and notify}
Session ID: 708a3f28a3f9459d19d3824b5581b50c
*** Element info: {Using=xpath, value=//input[@id='login']}
2019-10-25 14:54:23,334 [main] WARN com.odoo.webutils.MyTestListener - InvalidLoginTest script is failed
2019-10-25 14:54:23,763 [main] INFO com.odoo.webutils.MyTestListener - InvalidLoginTest Failed & Screenshot has been taken 
2019-10-25 14:54:29,052 [main] INFO com.odoo.webutils.MyTestListener - Browser Closed
2019-10-25 14:54:30,900 [main] INFO com.odoo.webutils.MyTestListener - ExcelReport generated
2019-10-25 14:54:30,901 [main] INFO com.odoo.webutils.MyTestListener - Framework execution Time Taken: 104.0seconds
2019-10-25 14:54:30,901 [main] INFO com.odoo.webutils.MyTestListener - Framework execution ends
