2019-10-30 15:48:31,274 [main] INFO com.odoo.webutils.MyTestListener - Framework execution starts
2019-10-30 15:48:39,962 [main] INFO com.odoo.webutils.MyTestListener - Browser Launched and maximized
2019-10-30 15:48:48,531 [main] INFO com.odoo.webutils.MyTestListener - createCustomer script execution starts
2019-10-30 15:49:43,895 [main] INFO com.odoo.webutils.MyTestListener - createCustomer script is passed
2019-10-30 15:49:44,865 [main] INFO com.odoo.webutils.MyTestListener - CreatePipeline script execution starts
2019-10-30 15:50:37,209 [main] INFO com.odoo.webutils.MyTestListener - CreatePipeline script is passed
2019-10-30 15:50:38,013 [main] INFO com.odoo.webutils.MyTestListener - ShiftPipeline script execution starts
2019-10-30 15:51:14,099 [main] INFO com.odoo.webutils.MyTestListener - ShiftPipeline script is passed
2019-10-30 15:51:14,943 [main] INFO com.odoo.webutils.MyTestListener - editCustomer script execution starts
2019-10-30 15:52:12,622 [main] INFO com.odoo.webutils.MyTestListener - editCustomer script is passed
2019-10-30 15:52:13,247 [main] INFO com.odoo.webutils.MyTestListener - createCustomerImport script execution starts
2019-10-30 15:53:19,201 [main] INFO com.odoo.webutils.MyTestListener - createCustomerImport script is passed
2019-10-30 15:53:20,169 [main] INFO com.odoo.webutils.MyTestListener - CreateDuplicateCustomer script execution starts
2019-10-30 15:54:05,320 [main] INFO com.odoo.webutils.MyTestListener - CreateDuplicateCustomer script is passed
2019-10-30 15:54:06,780 [main] INFO com.odoo.webutils.MyTestListener - DeleteDuplicateCustomer script execution starts
2019-10-30 15:54:45,902 [main] INFO com.odoo.webutils.MyTestListener - DeleteDuplicateCustomer script is passed
2019-10-30 15:54:46,831 [main] INFO com.odoo.webutils.MyTestListener - DeleteAllCustomer script execution starts
2019-10-30 15:55:11,649 [main] INFO com.odoo.webutils.MyTestListener - DeleteAllCustomer script is passed
2019-10-30 15:55:12,705 [main] INFO com.odoo.webutils.MyTestListener - DeleteAllOpportunities script execution starts
2019-10-30 15:55:45,733 [main] INFO com.odoo.webutils.MyTestListener - DeleteAllOpportunities script is passed
2019-10-30 15:55:46,856 [main] INFO com.odoo.webutils.MyTestListener - CreateSalesTeam script execution starts
2019-10-30 15:55:55,047 [main] WARN com.odoo.webutils.MyTestListener - CreateSalesTeam script is failed
2019-10-30 15:55:56,645 [main] INFO com.odoo.webutils.MyTestListener - CreateSalesTeam Failed & Screenshot has been taken 
2019-10-30 15:56:00,926 [main] INFO com.odoo.webutils.MyTestListener - Browser Closed
2019-10-30 15:56:01,393 [main] INFO com.odoo.webutils.MyTestListener - ExcelReport generated
2019-10-30 15:56:01,397 [main] INFO com.odoo.webutils.MyTestListener - Framework execution Time Taken: 450.0seconds
2019-10-30 15:56:01,397 [main] INFO com.odoo.webutils.MyTestListener - Framework execution ends
