2019-10-24 22:13:12,645 [main] INFO com.odoo.webutils.MyTestListener - Framework execution starts
2019-10-24 22:13:20,296 [main] INFO com.odoo.webutils.MyTestListener - Browser Launched and maximized
2019-10-24 22:13:43,156 [main] INFO com.odoo.webutils.MyTestListener - createCustomer script execution starts
2019-10-24 22:14:38,251 [main] FATAL com.odoo.webutils.MyTestListener - element click intercepted: Element <button class="btn btn-primary o-kanban-button-new" type="button" data-accesskey="c">...</button> is not clickable at point (49, 106). Other element would receive the click: <div class="blockUI blockOverlay" style="z-index: 1100; border: none; margin: 0px; padding: 0px; width: 100%; height: 100%; top: 0px; left: 0px; background-color: rgb(0, 0, 0); opacity: 0.6; cursor: wait; position: fixed;"></div>
  (Session info: chrome=77.0.3865.120)
Build info: version: '3.141.59', revision: 'e82be7d358', time: '2018-11-14T08:17:03'
System info: host: 'DESKTOP-G24M896', ip: '192.168.137.1', os.name: 'Windows 10', os.arch: 'amd64', os.version: '10.0', java.version: '1.8.0_144'
Driver info: org.openqa.selenium.chrome.ChromeDriver
Capabilities {acceptInsecureCerts: false, browserName: chrome, browserVersion: 77.0.3865.120, chrome: {chromedriverVersion: 77.0.3865.40 (f484704e052e0..., userDataDir: C:\Users\WELCOME\AppData\Lo...}, goog:chromeOptions: {debuggerAddress: localhost:57488}, javascriptEnabled: true, networkConnectionEnabled: false, pageLoadStrategy: normal, platform: XP, platformName: XP, proxy: Proxy(), setWindowRect: true, strictFileInteractability: false, timeouts: {implicit: 0, pageLoad: 300000, script: 30000}, unhandledPromptBehavior: dismiss and notify}
Session ID: fa4a8f8178d065b05370b8371eb1cdd0
2019-10-24 22:14:38,485 [main] WARN com.odoo.webutils.MyTestListener - createCustomer script is failed
2019-10-24 22:14:39,076 [main] INFO com.odoo.webutils.MyTestListener - createCustomerFailed & Screenshot has been taken 
2019-10-24 22:14:39,149 [main] INFO com.odoo.webutils.MyTestListener - CreatePipeline script execution starts
2019-10-24 22:14:39,232 [main] INFO com.odoo.webutils.MyTestListener - CreatePipeline script is skipped
2019-10-24 22:14:39,237 [main] INFO com.odoo.webutils.MyTestListener - ShiftPipeline script execution starts
2019-10-24 22:14:39,365 [main] INFO com.odoo.webutils.MyTestListener - ShiftPipeline script is skipped
2019-10-24 22:14:42,459 [main] INFO com.odoo.webutils.MyTestListener - Browser Closed
2019-10-24 22:14:43,537 [main] INFO com.odoo.webutils.MyTestListener - ExcelReport generated
2019-10-24 22:14:43,537 [main] INFO com.odoo.webutils.MyTestListener - Framework execution Time Taken: 91.0seconds
2019-10-24 22:14:43,537 [main] INFO com.odoo.webutils.MyTestListener - Framework execution ends
