2019-10-30 17:28:37,188 [main] INFO com.odoo.webutils.MyTestListener - Framework execution starts
2019-10-30 17:28:44,870 [main] INFO com.odoo.webutils.MyTestListener - Browser Launched and maximized
2019-10-30 17:28:55,563 [main] INFO com.odoo.webutils.MyTestListener - createCustomer script execution starts
2019-10-30 17:29:59,822 [main] INFO com.odoo.webutils.MyTestListener - createCustomer script is passed
2019-10-30 17:30:00,899 [main] INFO com.odoo.webutils.MyTestListener - CreatePipeline script execution starts
2019-10-30 17:30:53,137 [main] INFO com.odoo.webutils.MyTestListener - CreatePipeline script is passed
2019-10-30 17:30:53,594 [main] INFO com.odoo.webutils.MyTestListener - ShiftPipeline script execution starts
2019-10-30 17:31:31,277 [main] INFO com.odoo.webutils.MyTestListener - ShiftPipeline script is passed
2019-10-30 17:31:32,161 [main] INFO com.odoo.webutils.MyTestListener - editCustomer script execution starts
2019-10-30 17:32:29,981 [main] INFO com.odoo.webutils.MyTestListener - editCustomer script is passed
2019-10-30 17:32:30,801 [main] INFO com.odoo.webutils.MyTestListener - createCustomerImport script execution starts
2019-10-30 17:33:34,542 [main] INFO com.odoo.webutils.MyTestListener - createCustomerImport script is passed
2019-10-30 17:33:35,281 [main] INFO com.odoo.webutils.MyTestListener - CreateDuplicateCustomer script execution starts
2019-10-30 17:34:20,082 [main] INFO com.odoo.webutils.MyTestListener - CreateDuplicateCustomer script is passed
2019-10-30 17:34:20,821 [main] INFO com.odoo.webutils.MyTestListener - DeleteDuplicateCustomer script execution starts
2019-10-30 17:34:57,730 [main] INFO com.odoo.webutils.MyTestListener - DeleteDuplicateCustomer script is passed
2019-10-30 17:34:58,440 [main] INFO com.odoo.webutils.MyTestListener - DeleteAllCustomer script execution starts
2019-10-30 17:35:23,559 [main] INFO com.odoo.webutils.MyTestListener - DeleteAllCustomer script is passed
2019-10-30 17:35:24,403 [main] INFO com.odoo.webutils.MyTestListener - DeleteAllOpportunities script execution starts
2019-10-30 17:35:35,923 [main] FATAL com.odoo.webutils.MyTestListener - chrome not reachable
  (Session info: chrome=77.0.3865.120)
Build info: version: '3.141.59', revision: 'e82be7d358', time: '2018-11-14T08:17:03'
System info: host: 'DESKTOP-G24M896', ip: '172.20.10.6', os.name: 'Windows 10', os.arch: 'amd64', os.version: '10.0', java.version: '1.8.0_144'
Driver info: org.openqa.selenium.chrome.ChromeDriver
Capabilities {acceptInsecureCerts: false, browserName: chrome, browserVersion: 77.0.3865.120, chrome: {chromedriverVersion: 77.0.3865.40 (f484704e052e0..., userDataDir: C:\Users\WELCOME\AppData\Lo...}, goog:chromeOptions: {debuggerAddress: localhost:49413}, javascriptEnabled: true, networkConnectionEnabled: false, pageLoadStrategy: normal, platform: XP, platformName: XP, proxy: Proxy(), setWindowRect: true, strictFileInteractability: false, timeouts: {implicit: 0, pageLoad: 300000, script: 30000}, unhandledPromptBehavior: dismiss and notify}
Session ID: 00066b1624d35a403289110b279a2981
*** Element info: {Using=xpath, value=//div[text()='CRM']}
2019-10-30 17:35:36,005 [main] WARN com.odoo.webutils.MyTestListener - DeleteAllOpportunities script is failed
2019-10-30 17:35:42,162 [main] WARN com.odoo.webutils.MyTestListener - DeleteAllOpportunities script is failed
