2019-10-30 17:04:08,530 [main] INFO com.odoo.webutils.MyTestListener - Framework execution starts
2019-10-30 17:04:16,722 [main] INFO com.odoo.webutils.MyTestListener - Browser Launched and maximized
2019-10-30 17:04:25,264 [main] INFO com.odoo.webutils.MyTestListener - createCustomer script execution starts
2019-10-30 17:05:24,096 [main] INFO com.odoo.webutils.MyTestListener - createCustomer script is passed
2019-10-30 17:05:24,692 [main] INFO com.odoo.webutils.MyTestListener - CreatePipeline script execution starts
2019-10-30 17:06:16,883 [main] INFO com.odoo.webutils.MyTestListener - CreatePipeline script is passed
2019-10-30 17:06:17,574 [main] INFO com.odoo.webutils.MyTestListener - ShiftPipeline script execution starts
2019-10-30 17:06:53,941 [main] INFO com.odoo.webutils.MyTestListener - ShiftPipeline script is passed
2019-10-30 17:06:54,747 [main] INFO com.odoo.webutils.MyTestListener - editCustomer script execution starts
2019-10-30 17:07:51,735 [main] INFO com.odoo.webutils.MyTestListener - editCustomer script is passed
2019-10-30 17:07:52,274 [main] INFO com.odoo.webutils.MyTestListener - createCustomerImport script execution starts
2019-10-30 17:08:55,899 [main] INFO com.odoo.webutils.MyTestListener - createCustomerImport script is passed
2019-10-30 17:08:56,610 [main] INFO com.odoo.webutils.MyTestListener - CreateDuplicateCustomer script execution starts
2019-10-30 17:09:40,864 [main] INFO com.odoo.webutils.MyTestListener - CreateDuplicateCustomer script is passed
2019-10-30 17:09:41,696 [main] INFO com.odoo.webutils.MyTestListener - DeleteDuplicateCustomer script execution starts
2019-10-30 17:10:19,776 [main] INFO com.odoo.webutils.MyTestListener - DeleteDuplicateCustomer script is passed
2019-10-30 17:10:20,660 [main] INFO com.odoo.webutils.MyTestListener - DeleteAllCustomer script execution starts
2019-10-30 17:10:45,125 [main] INFO com.odoo.webutils.MyTestListener - DeleteAllCustomer script is passed
2019-10-30 17:10:46,268 [main] INFO com.odoo.webutils.MyTestListener - DeleteAllOpportunities script execution starts
2019-10-30 17:11:19,471 [main] INFO com.odoo.webutils.MyTestListener - DeleteAllOpportunities script is passed
2019-10-30 17:11:20,218 [main] INFO com.odoo.webutils.MyTestListener - CreateSalesTeam script execution starts
2019-10-30 17:11:28,183 [main] WARN com.odoo.webutils.MyTestListener - CreateSalesTeam script is failed
2019-10-30 17:11:29,737 [main] INFO com.odoo.webutils.MyTestListener - CreateSalesTeam Failed & Screenshot has been taken 
2019-10-30 17:11:34,147 [main] INFO com.odoo.webutils.MyTestListener - Browser Closed
2019-10-30 17:11:34,489 [main] INFO com.odoo.webutils.MyTestListener - ExcelReport generated
2019-10-30 17:11:34,489 [main] INFO com.odoo.webutils.MyTestListener - Framework execution Time Taken: 446.0seconds
2019-10-30 17:11:34,489 [main] INFO com.odoo.webutils.MyTestListener - Framework execution ends
