2019-10-26 23:58:40,013 [main] INFO com.odoo.webutils.MyTestListener - Framework execution starts
2019-10-26 23:58:49,803 [main] INFO com.odoo.webutils.MyTestListener - Browser Launched and maximized
2019-10-26 23:58:56,189 [main] INFO com.odoo.webutils.MyTestListener - createCustomer script execution starts
2019-10-26 23:59:56,269 [main] INFO com.odoo.webutils.MyTestListener - createCustomer script is passed
2019-10-26 23:59:57,166 [main] INFO com.odoo.webutils.MyTestListener - CreatePipeline script execution starts
2019-10-27 00:00:47,925 [main] INFO com.odoo.webutils.MyTestListener - CreatePipeline script is passed
2019-10-27 00:00:48,410 [main] INFO com.odoo.webutils.MyTestListener - ShiftPipeline script execution starts
2019-10-27 00:01:53,055 [main] FATAL com.odoo.webutils.MyTestListener - no such element: Unable to locate element: {"method":"xpath","selector":"//div[@data-id='3']//span[text()='25-Mobile Phones']"}
  (Session info: chrome=77.0.3865.120)
For documentation on this error, please visit: https://www.seleniumhq.org/exceptions/no_such_element.html
Build info: version: '3.141.59', revision: 'e82be7d358', time: '2018-11-14T08:17:03'
System info: host: 'DESKTOP-G24M896', ip: '192.168.137.1', os.name: 'Windows 10', os.arch: 'amd64', os.version: '10.0', java.version: '1.8.0_144'
Driver info: org.openqa.selenium.chrome.ChromeDriver
Capabilities {acceptInsecureCerts: false, browserName: chrome, browserVersion: 77.0.3865.120, chrome: {chromedriverVersion: 77.0.3865.40 (f484704e052e0..., userDataDir: C:\Users\WELCOME\AppData\Lo...}, goog:chromeOptions: {debuggerAddress: localhost:60574}, javascriptEnabled: true, networkConnectionEnabled: false, pageLoadStrategy: normal, platform: XP, platformName: XP, proxy: Proxy(), setWindowRect: true, strictFileInteractability: false, timeouts: {implicit: 0, pageLoad: 300000, script: 30000}, unhandledPromptBehavior: dismiss and notify}
Session ID: 1fbdaaab8a341cb8cb8a549183d84960
*** Element info: {Using=xpath, value=//div[@data-id='3']//span[text()='25-Mobile Phones']}
2019-10-27 00:01:53,109 [main] WARN com.odoo.webutils.MyTestListener - ShiftPipeline script is failed
2019-10-27 00:01:53,770 [main] INFO com.odoo.webutils.MyTestListener - ShiftPipeline Failed & Screenshot has been taken 
2019-10-27 00:01:56,183 [main] INFO com.odoo.webutils.MyTestListener - Browser Closed
2019-10-27 00:01:56,441 [main] INFO com.odoo.webutils.MyTestListener - ExcelReport generated
2019-10-27 00:01:56,441 [main] INFO com.odoo.webutils.MyTestListener - Framework execution Time Taken: 196.0seconds
2019-10-27 00:01:56,441 [main] INFO com.odoo.webutils.MyTestListener - Framework execution ends
