2019-10-26 21:07:46,730 [main] INFO com.odoo.webutils.MyTestListener - Framework execution starts
2019-10-26 21:07:54,798 [main] INFO com.odoo.webutils.MyTestListener - Browser Launched and maximized
2019-10-26 21:07:59,029 [main] INFO com.odoo.webutils.MyTestListener - createCustomer script execution starts
2019-10-26 21:08:53,593 [main] INFO com.odoo.webutils.MyTestListener - createCustomer script is passed
2019-10-26 21:08:54,184 [main] INFO com.odoo.webutils.MyTestListener - CreatePipeline script execution starts
2019-10-26 21:09:46,322 [main] INFO com.odoo.webutils.MyTestListener - CreatePipeline script is passed
2019-10-26 21:09:46,993 [main] INFO com.odoo.webutils.MyTestListener - ShiftPipeline script execution starts
2019-10-26 21:10:29,238 [main] FATAL com.odoo.webutils.MyTestListener - no such element: Unable to locate element: {"method":"xpath","selector":"//div[@data-id='2']//div//span[text()='77-Mobile Phones']"}
  (Session info: chrome=77.0.3865.120)
For documentation on this error, please visit: https://www.seleniumhq.org/exceptions/no_such_element.html
Build info: version: '3.141.59', revision: 'e82be7d358', time: '2018-11-14T08:17:03'
System info: host: 'DESKTOP-G24M896', ip: '172.20.10.6', os.name: 'Windows 10', os.arch: 'amd64', os.version: '10.0', java.version: '1.8.0_144'
Driver info: org.openqa.selenium.chrome.ChromeDriver
Capabilities {acceptInsecureCerts: false, browserName: chrome, browserVersion: 77.0.3865.120, chrome: {chromedriverVersion: 77.0.3865.40 (f484704e052e0..., userDataDir: C:\Users\WELCOME\AppData\Lo...}, goog:chromeOptions: {debuggerAddress: localhost:51287}, javascriptEnabled: true, networkConnectionEnabled: false, pageLoadStrategy: normal, platform: XP, platformName: XP, proxy: Proxy(), setWindowRect: true, strictFileInteractability: false, timeouts: {implicit: 0, pageLoad: 300000, script: 30000}, unhandledPromptBehavior: dismiss and notify}
Session ID: 653b5c05d829e75e14235dae392d0cb3
*** Element info: {Using=xpath, value=//div[@data-id='2']//div//span[text()='77-Mobile Phones']}
2019-10-26 21:10:29,360 [main] WARN com.odoo.webutils.MyTestListener - ShiftPipeline script is failed
2019-10-26 21:10:30,185 [main] INFO com.odoo.webutils.MyTestListener - ShiftPipeline Failed & Screenshot has been taken 
2019-10-26 21:10:33,115 [main] INFO com.odoo.webutils.MyTestListener - Browser Closed
2019-10-26 21:10:33,633 [main] INFO com.odoo.webutils.MyTestListener - ExcelReport generated
2019-10-26 21:10:33,633 [main] INFO com.odoo.webutils.MyTestListener - Framework execution Time Taken: 167.0seconds
2019-10-26 21:10:33,633 [main] INFO com.odoo.webutils.MyTestListener - Framework execution ends
