2019-11-03 18:16:23,561 [main] INFO com.odoo.webutils.MyTestListener - Framework execution starts
2019-11-03 18:16:23,561 [main] INFO com.odoo.webutils.MyTestListener - Framework execution starts
2019-11-03 18:16:24,828 [main] INFO com.odoo.webutils.MyTestListener - Browser Launched and maximized
2019-11-03 18:16:24,828 [main] INFO com.odoo.webutils.MyTestListener - Browser Launched and maximized
2019-11-03 18:16:33,183 [main] INFO com.odoo.webutils.MyTestListener - CreateSalesTeam script execution starts
2019-11-03 18:16:33,200 [main] INFO com.odoo.webutils.MyTestListener - CreateSalesTeam script execution starts
2019-11-03 18:17:51,075 [main] FATAL com.odoo.webutils.MyTestListener - no such element: Unable to locate element: {"method":"xpath","selector":"//div[contains(@class,'o_dialog_warning modal-body')]"}
  (Session info: chrome=77.0.3865.120)
For documentation on this error, please visit: https://www.seleniumhq.org/exceptions/no_such_element.html
Build info: version: '3.141.59', revision: 'e82be7d358', time: '2018-11-14T08:17:03'
System info: host: 'DESKTOP-G24M896', ip: '192.168.137.1', os.name: 'Windows 10', os.arch: 'amd64', os.version: '10.0', java.version: '1.8.0_144'
Driver info: org.openqa.selenium.chrome.ChromeDriver
Capabilities {acceptInsecureCerts: false, browserName: chrome, browserVersion: 77.0.3865.120, chrome: {chromedriverVersion: 77.0.3865.40 (f484704e052e0..., userDataDir: C:\Users\WELCOME\AppData\Lo...}, goog:chromeOptions: {debuggerAddress: localhost:57039}, javascriptEnabled: true, networkConnectionEnabled: false, pageLoadStrategy: normal, platform: XP, platformName: XP, proxy: Proxy(), setWindowRect: true, strictFileInteractability: false, timeouts: {implicit: 0, pageLoad: 300000, script: 30000}, unhandledPromptBehavior: dismiss and notify}
Session ID: 03548235e073f5c72be231a3feab7818
*** Element info: {Using=xpath, value=//div[contains(@class,'o_dialog_warning modal-body')]}
2019-11-03 18:17:51,086 [main] FATAL com.odoo.webutils.MyTestListener - no such element: Unable to locate element: {"method":"xpath","selector":"//div[contains(@class,'o_dialog_warning modal-body')]"}
  (Session info: chrome=77.0.3865.120)
For documentation on this error, please visit: https://www.seleniumhq.org/exceptions/no_such_element.html
Build info: version: '3.141.59', revision: 'e82be7d358', time: '2018-11-14T08:17:03'
System info: host: 'DESKTOP-G24M896', ip: '192.168.137.1', os.name: 'Windows 10', os.arch: 'amd64', os.version: '10.0', java.version: '1.8.0_144'
Driver info: org.openqa.selenium.chrome.ChromeDriver
Capabilities {acceptInsecureCerts: false, browserName: chrome, browserVersion: 77.0.3865.120, chrome: {chromedriverVersion: 77.0.3865.40 (f484704e052e0..., userDataDir: C:\Users\WELCOME\AppData\Lo...}, goog:chromeOptions: {debuggerAddress: localhost:57032}, javascriptEnabled: true, networkConnectionEnabled: false, pageLoadStrategy: normal, platform: XP, platformName: XP, proxy: Proxy(), setWindowRect: true, strictFileInteractability: false, timeouts: {implicit: 0, pageLoad: 300000, script: 30000}, unhandledPromptBehavior: dismiss and notify}
Session ID: 6e8b7aa86a68c657160de54dd9a8d919
*** Element info: {Using=xpath, value=//div[contains(@class,'o_dialog_warning modal-body')]}
2019-11-03 18:17:51,177 [main] WARN com.odoo.webutils.MyTestListener - CreateSalesTeam script is failed
2019-11-03 18:17:51,203 [main] WARN com.odoo.webutils.MyTestListener - CreateSalesTeam script is failed
2019-11-03 18:17:51,944 [main] INFO com.odoo.webutils.MyTestListener - CreateSalesTeam Failed & Screenshot has been taken 
2019-11-03 18:17:51,999 [main] INFO com.odoo.webutils.MyTestListener - CreateSalesTeam Failed & Screenshot has been taken 
2019-11-03 18:17:56,188 [main] INFO com.odoo.webutils.MyTestListener - Browser Closed
2019-11-03 18:17:56,892 [main] INFO com.odoo.webutils.MyTestListener - Browser Closed
2019-11-03 18:17:57,457 [main] INFO com.odoo.webutils.MyTestListener - ExcelReport generated
2019-11-03 18:17:57,457 [main] INFO com.odoo.webutils.MyTestListener - Framework execution Time Taken: 103.0seconds
2019-11-03 18:17:57,457 [main] INFO com.odoo.webutils.MyTestListener - Framework execution ends
2019-11-03 18:17:57,555 [main] INFO com.odoo.webutils.MyTestListener - ExcelReport generated
2019-11-03 18:17:57,558 [main] INFO com.odoo.webutils.MyTestListener - Framework execution Time Taken: 108.0seconds
2019-11-03 18:17:57,559 [main] INFO com.odoo.webutils.MyTestListener - Framework execution ends
