2019-10-24 15:42:51,092 [main] INFO com.odoo.webutils.MyTestListener - Framework execution starts
2019-10-24 15:42:56,741 [main] INFO com.odoo.webutils.MyTestListener - Browser Launched and maximized
2019-10-24 15:43:02,785 [main] INFO com.odoo.webutils.MyTestListener - createCustomer script execution starts
2019-10-24 15:43:58,733 [main] INFO com.odoo.webutils.MyTestListener - createCustomer script is passed
2019-10-24 15:43:59,545 [main] INFO com.odoo.webutils.MyTestListener - CreatePipeline script execution starts
2019-10-24 15:44:49,570 [main] INFO com.odoo.webutils.MyTestListener - CreatePipeline script is passed
2019-10-24 15:44:51,053 [main] INFO com.odoo.webutils.MyTestListener - ShiftPipeline script execution starts
2019-10-24 15:45:08,027 [main] FATAL com.odoo.webutils.MyTestListener - stale element reference: element is not attached to the page document
  (Session info: chrome=77.0.3865.120)
For documentation on this error, please visit: https://www.seleniumhq.org/exceptions/stale_element_reference.html
Build info: version: '3.141.59', revision: 'e82be7d358', time: '2018-11-14T08:17:03'
System info: host: 'DESKTOP-G24M896', ip: '172.20.10.6', os.name: 'Windows 10', os.arch: 'amd64', os.version: '10.0', java.version: '1.8.0_144'
Driver info: org.openqa.selenium.chrome.ChromeDriver
Capabilities {acceptInsecureCerts: false, browserName: chrome, browserVersion: 77.0.3865.120, chrome: {chromedriverVersion: 77.0.3865.40 (f484704e052e0..., userDataDir: C:\Users\WELCOME\AppData\Lo...}, goog:chromeOptions: {debuggerAddress: localhost:61090}, javascriptEnabled: true, networkConnectionEnabled: false, pageLoadStrategy: normal, platform: XP, platformName: XP, proxy: Proxy(), setWindowRect: true, strictFileInteractability: false, timeouts: {implicit: 0, pageLoad: 300000, script: 30000}, unhandledPromptBehavior: dismiss and notify}
Session ID: b81182b3a071e3925f02a914633ca09b
2019-10-24 15:45:08,092 [main] WARN com.odoo.webutils.MyTestListener - ShiftPipeline script is failed
2019-10-24 15:45:08,637 [main] INFO com.odoo.webutils.MyTestListener - ShiftPipelineFailed & Screenshot has been taken 
2019-10-24 15:45:11,895 [main] INFO com.odoo.webutils.MyTestListener - Browser Closed
2019-10-24 15:45:12,624 [main] INFO com.odoo.webutils.MyTestListener - ExcelReport generated
2019-10-24 15:45:12,625 [main] INFO com.odoo.webutils.MyTestListener - Framework execution Time Taken: 141.0seconds
2019-10-24 15:45:12,625 [main] INFO com.odoo.webutils.MyTestListener - Framework execution ends
