2019-10-31 13:49:50,364 [main] INFO com.odoo.webutils.MyTestListener - Framework execution starts
2019-10-31 13:49:59,924 [main] INFO com.odoo.webutils.MyTestListener - Browser Launched and maximized
2019-10-31 13:50:13,503 [main] INFO com.odoo.webutils.MyTestListener - createCustomer script execution starts
2019-10-31 13:51:18,024 [main] INFO com.odoo.webutils.MyTestListener - createCustomer script is passed
2019-10-31 13:51:19,330 [main] INFO com.odoo.webutils.MyTestListener - CreatePipeline script execution starts
2019-10-31 13:52:09,745 [main] INFO com.odoo.webutils.MyTestListener - CreatePipeline script is passed
2019-10-31 13:52:10,490 [main] INFO com.odoo.webutils.MyTestListener - ShiftPipeline script execution starts
2019-10-31 13:52:47,300 [main] INFO com.odoo.webutils.MyTestListener - ShiftPipeline script is passed
2019-10-31 13:52:48,033 [main] INFO com.odoo.webutils.MyTestListener - editCustomer script execution starts
2019-10-31 13:53:44,776 [main] INFO com.odoo.webutils.MyTestListener - editCustomer script is passed
2019-10-31 13:53:45,282 [main] INFO com.odoo.webutils.MyTestListener - createCustomerImport script execution starts
2019-10-31 13:54:50,003 [main] INFO com.odoo.webutils.MyTestListener - createCustomerImport script is passed
2019-10-31 13:54:50,876 [main] INFO com.odoo.webutils.MyTestListener - CreateDuplicateCustomer script execution starts
2019-10-31 13:55:34,733 [main] INFO com.odoo.webutils.MyTestListener - CreateDuplicateCustomer script is passed
2019-10-31 13:55:36,327 [main] INFO com.odoo.webutils.MyTestListener - DeleteDuplicateCustomer script execution starts
2019-10-31 13:56:13,778 [main] INFO com.odoo.webutils.MyTestListener - DeleteDuplicateCustomer script is passed
2019-10-31 13:56:14,777 [main] INFO com.odoo.webutils.MyTestListener - DeleteAllCustomer script execution starts
2019-10-31 13:56:39,277 [main] INFO com.odoo.webutils.MyTestListener - DeleteAllCustomer script is passed
2019-10-31 13:56:42,095 [main] INFO com.odoo.webutils.MyTestListener - DeleteAllOpportunities script execution starts
2019-10-31 13:57:18,351 [main] INFO com.odoo.webutils.MyTestListener - DeleteAllOpportunities script is passed
2019-10-31 13:57:20,255 [main] INFO com.odoo.webutils.MyTestListener - CreateSalesTeam script execution starts
2019-10-31 13:57:24,805 [main] WARN com.odoo.webutils.MyTestListener - CreateSalesTeam script is failed
2019-10-31 13:57:25,654 [main] INFO com.odoo.webutils.MyTestListener - CreateSalesTeam Failed & Screenshot has been taken 
2019-10-31 13:57:28,912 [main] INFO com.odoo.webutils.MyTestListener - Browser Closed
2019-10-31 13:57:29,311 [main] INFO com.odoo.webutils.MyTestListener - ExcelReport generated
2019-10-31 13:57:29,312 [main] INFO com.odoo.webutils.MyTestListener - Framework execution Time Taken: 459.0seconds
2019-10-31 13:57:29,313 [main] INFO com.odoo.webutils.MyTestListener - Framework execution ends
