2019-11-04 00:12:38,689 [main] INFO com.odoo.webutils.MyTestListener - Framework execution starts
2019-11-04 00:12:38,815 [main] INFO com.odoo.webutils.MyTestListener - Framework execution starts
2019-11-04 00:12:39,976 [main] INFO com.odoo.webutils.MyTestListener - Browser Launched and maximized
2019-11-04 00:12:40,061 [main] INFO com.odoo.webutils.MyTestListener - Browser Launched and maximized
2019-11-04 00:12:54,452 [main] INFO com.odoo.webutils.MyTestListener - CreateSalesTeam script execution starts
2019-11-04 00:12:54,476 [main] INFO com.odoo.webutils.MyTestListener - CreateSalesTeam script execution starts
2019-11-04 00:14:17,367 [main] FATAL com.odoo.webutils.MyTestListener - element not interactable
  (Session info: chrome=77.0.3865.120)
Build info: version: '3.141.59', revision: 'e82be7d358', time: '2018-11-14T08:17:03'
System info: host: 'DESKTOP-G24M896', ip: '172.20.10.6', os.name: 'Windows 10', os.arch: 'amd64', os.version: '10.0', java.version: '1.8.0_144'
Driver info: org.openqa.selenium.chrome.ChromeDriver
Capabilities {acceptInsecureCerts: false, browserName: chrome, browserVersion: 77.0.3865.120, chrome: {chromedriverVersion: 77.0.3865.40 (f484704e052e0..., userDataDir: C:\Users\WELCOME\AppData\Lo...}, goog:chromeOptions: {debuggerAddress: localhost:65533}, javascriptEnabled: true, networkConnectionEnabled: false, pageLoadStrategy: normal, platform: XP, platformName: XP, proxy: Proxy(), setWindowRect: true, strictFileInteractability: false, timeouts: {implicit: 0, pageLoad: 300000, script: 30000}, unhandledPromptBehavior: dismiss and notify}
Session ID: 187a660fedb8dfd876ec2d492918cea6
2019-11-04 00:14:17,367 [main] FATAL com.odoo.webutils.MyTestListener - element not interactable
  (Session info: chrome=77.0.3865.120)
Build info: version: '3.141.59', revision: 'e82be7d358', time: '2018-11-14T08:17:03'
System info: host: 'DESKTOP-G24M896', ip: '172.20.10.6', os.name: 'Windows 10', os.arch: 'amd64', os.version: '10.0', java.version: '1.8.0_144'
Driver info: org.openqa.selenium.chrome.ChromeDriver
Capabilities {acceptInsecureCerts: false, browserName: chrome, browserVersion: 77.0.3865.120, chrome: {chromedriverVersion: 77.0.3865.40 (f484704e052e0..., userDataDir: C:\Users\WELCOME\AppData\Lo...}, goog:chromeOptions: {debuggerAddress: localhost:65532}, javascriptEnabled: true, networkConnectionEnabled: false, pageLoadStrategy: normal, platform: XP, platformName: XP, proxy: Proxy(), setWindowRect: true, strictFileInteractability: false, timeouts: {implicit: 0, pageLoad: 300000, script: 30000}, unhandledPromptBehavior: dismiss and notify}
Session ID: 2a0f50a20a0e946a0cfd7d4cfe9bb409
2019-11-04 00:14:17,493 [main] WARN com.odoo.webutils.MyTestListener - CreateSalesTeam script is failed
2019-11-04 00:14:17,493 [main] WARN com.odoo.webutils.MyTestListener - CreateSalesTeam script is failed
2019-11-04 00:14:18,345 [main] INFO com.odoo.webutils.MyTestListener - CreateSalesTeam Failed & Screenshot has been taken 
2019-11-04 00:14:18,346 [main] INFO com.odoo.webutils.MyTestListener - CreateSalesTeam Failed & Screenshot has been taken 
2019-11-04 00:14:23,024 [main] INFO com.odoo.webutils.MyTestListener - Browser Closed
2019-11-04 00:14:23,749 [main] INFO com.odoo.webutils.MyTestListener - Browser Closed
2019-11-04 00:14:24,257 [main] INFO com.odoo.webutils.MyTestListener - ExcelReport generated
2019-11-04 00:14:24,262 [main] INFO com.odoo.webutils.MyTestListener - Framework execution Time Taken: 113.0seconds
2019-11-04 00:14:24,262 [main] INFO com.odoo.webutils.MyTestListener - Framework execution ends
2019-11-04 00:14:24,308 [main] INFO com.odoo.webutils.MyTestListener - ExcelReport generated
2019-11-04 00:14:24,308 [main] INFO com.odoo.webutils.MyTestListener - Framework execution Time Taken: 113.0seconds
2019-11-04 00:14:24,315 [main] INFO com.odoo.webutils.MyTestListener - Framework execution ends
