2019-11-02 17:39:59,075 [main] INFO com.odoo.webutils.MyTestListener - Framework execution starts
2019-11-02 17:39:59,083 [main] INFO com.odoo.webutils.MyTestListener - Framework execution starts
2019-11-02 17:40:00,489 [main] INFO com.odoo.webutils.MyTestListener - Browser Launched and maximized
2019-11-02 17:40:00,489 [main] INFO com.odoo.webutils.MyTestListener - Browser Launched and maximized
2019-11-02 17:40:09,146 [main] FATAL com.odoo.webutils.MyTestListener - chrome not reachable
  (Session info: chrome=77.0.3865.120)
Build info: version: '3.141.59', revision: 'e82be7d358', time: '2018-11-14T08:17:03'
System info: host: 'DESKTOP-G24M896', ip: '192.168.137.1', os.name: 'Windows 10', os.arch: 'amd64', os.version: '10.0', java.version: '1.8.0_144'
Driver info: org.openqa.selenium.chrome.ChromeDriver
Capabilities {acceptInsecureCerts: false, browserName: chrome, browserVersion: 77.0.3865.120, chrome: {chromedriverVersion: 77.0.3865.40 (f484704e052e0..., userDataDir: C:\Users\WELCOME\AppData\Lo...}, goog:chromeOptions: {debuggerAddress: localhost:53512}, javascriptEnabled: true, networkConnectionEnabled: false, pageLoadStrategy: normal, platform: XP, platformName: XP, proxy: Proxy(), setWindowRect: true, strictFileInteractability: false, timeouts: {implicit: 0, pageLoad: 300000, script: 30000}, unhandledPromptBehavior: dismiss and notify}
Session ID: 4b1f888bff7663e49aaf78c9c2657e6c
2019-11-02 17:40:10,207 [main] INFO com.odoo.webutils.MyTestListener - CreateSalesTeam script execution starts
2019-11-02 17:40:10,216 [main] INFO com.odoo.webutils.MyTestListener - CreateSalesTeam script is skipped
2019-11-02 17:40:14,909 [main] INFO com.odoo.webutils.MyTestListener - CreateSalesTeam script execution starts
2019-11-02 17:41:22,388 [main] FATAL com.odoo.webutils.MyTestListener - element not interactable
  (Session info: chrome=77.0.3865.120)
Build info: version: '3.141.59', revision: 'e82be7d358', time: '2018-11-14T08:17:03'
System info: host: 'DESKTOP-G24M896', ip: '192.168.137.1', os.name: 'Windows 10', os.arch: 'amd64', os.version: '10.0', java.version: '1.8.0_144'
Driver info: org.openqa.selenium.chrome.ChromeDriver
Capabilities {acceptInsecureCerts: false, browserName: chrome, browserVersion: 77.0.3865.120, chrome: {chromedriverVersion: 77.0.3865.40 (f484704e052e0..., userDataDir: C:\Users\WELCOME\AppData\Lo...}, goog:chromeOptions: {debuggerAddress: localhost:53525}, javascriptEnabled: true, networkConnectionEnabled: false, pageLoadStrategy: normal, platform: XP, platformName: XP, proxy: Proxy(), setWindowRect: true, strictFileInteractability: false, timeouts: {implicit: 0, pageLoad: 300000, script: 30000}, unhandledPromptBehavior: dismiss and notify}
Session ID: 1650e23377bbbc7fc6ad3d9868b3cf7e
2019-11-02 17:41:22,397 [main] WARN com.odoo.webutils.MyTestListener - CreateSalesTeam script is failed
2019-11-02 17:41:23,322 [main] INFO com.odoo.webutils.MyTestListener - CreateSalesTeam Failed & Screenshot has been taken 
2019-11-02 17:41:26,927 [main] INFO com.odoo.webutils.MyTestListener - Browser Closed
2019-11-02 17:41:28,118 [main] INFO com.odoo.webutils.MyTestListener - ExcelReport generated
2019-11-02 17:41:28,128 [main] INFO com.odoo.webutils.MyTestListener - Framework execution Time Taken: 98.0seconds
2019-11-02 17:41:28,128 [main] INFO com.odoo.webutils.MyTestListener - Framework execution ends
