2019-10-30 15:37:53,928 [main] INFO com.odoo.webutils.MyTestListener - Framework execution starts
2019-10-30 15:38:00,998 [main] INFO com.odoo.webutils.MyTestListener - Browser Launched and maximized
2019-10-30 15:38:13,131 [main] INFO com.odoo.webutils.MyTestListener - createCustomer script execution starts
2019-10-30 15:39:07,607 [main] INFO com.odoo.webutils.MyTestListener - createCustomer script is passed
2019-10-30 15:39:08,942 [main] INFO com.odoo.webutils.MyTestListener - CreatePipeline script execution starts
2019-10-30 15:40:00,762 [main] INFO com.odoo.webutils.MyTestListener - CreatePipeline script is passed
2019-10-30 15:40:01,416 [main] INFO com.odoo.webutils.MyTestListener - ShiftPipeline script execution starts
2019-10-30 15:40:38,866 [main] INFO com.odoo.webutils.MyTestListener - ShiftPipeline script is passed
2019-10-30 15:40:39,585 [main] INFO com.odoo.webutils.MyTestListener - editCustomer script execution starts
2019-10-30 15:41:38,379 [main] INFO com.odoo.webutils.MyTestListener - editCustomer script is passed
2019-10-30 15:41:39,151 [main] INFO com.odoo.webutils.MyTestListener - createCustomerImport script execution starts
2019-10-30 15:42:42,818 [main] INFO com.odoo.webutils.MyTestListener - createCustomerImport script is passed
2019-10-30 15:42:43,504 [main] INFO com.odoo.webutils.MyTestListener - CreateDuplicateCustomer script execution starts
2019-10-30 15:43:27,662 [main] INFO com.odoo.webutils.MyTestListener - CreateDuplicateCustomer script is passed
2019-10-30 15:43:28,299 [main] INFO com.odoo.webutils.MyTestListener - DeleteDuplicateCustomer script execution starts
2019-10-30 15:44:04,648 [main] INFO com.odoo.webutils.MyTestListener - DeleteDuplicateCustomer script is passed
2019-10-30 15:44:05,461 [main] INFO com.odoo.webutils.MyTestListener - DeleteAllCustomer script execution starts
2019-10-30 15:44:29,935 [main] INFO com.odoo.webutils.MyTestListener - DeleteAllCustomer script is passed
2019-10-30 15:44:31,009 [main] INFO com.odoo.webutils.MyTestListener - DeleteAllOpportunities script execution starts
2019-10-30 15:45:03,833 [main] INFO com.odoo.webutils.MyTestListener - DeleteAllOpportunities script is passed
2019-10-30 15:45:04,450 [main] INFO com.odoo.webutils.MyTestListener - CreateSalesTeam script execution starts
2019-10-30 15:45:13,050 [main] WARN com.odoo.webutils.MyTestListener - CreateSalesTeam script is failed
2019-10-30 15:45:14,776 [main] INFO com.odoo.webutils.MyTestListener - CreateSalesTeam Failed & Screenshot has been taken 
2019-10-30 15:45:20,771 [main] INFO com.odoo.webutils.MyTestListener - Browser Closed
2019-10-30 15:45:21,611 [main] INFO com.odoo.webutils.MyTestListener - ExcelReport generated
2019-10-30 15:45:21,611 [main] INFO com.odoo.webutils.MyTestListener - Framework execution Time Taken: 447.0seconds
2019-10-30 15:45:21,611 [main] INFO com.odoo.webutils.MyTestListener - Framework execution ends
