2019-10-30 16:02:15,883 [main] INFO com.odoo.webutils.MyTestListener - Framework execution starts
2019-10-30 16:02:22,746 [main] INFO com.odoo.webutils.MyTestListener - Browser Launched and maximized
2019-10-30 16:02:31,583 [main] INFO com.odoo.webutils.MyTestListener - createCustomer script execution starts
2019-10-30 16:02:50,551 [main] FATAL com.odoo.webutils.MyTestListener - no such element: Unable to locate element: {"method":"xpath","selector":"//div[text()='CRM']"}
  (Session info: chrome=77.0.3865.120)
For documentation on this error, please visit: https://www.seleniumhq.org/exceptions/no_such_element.html
Build info: version: '3.141.59', revision: 'e82be7d358', time: '2018-11-14T08:17:03'
System info: host: 'DESKTOP-G24M896', ip: '172.20.10.6', os.name: 'Windows 10', os.arch: 'amd64', os.version: '10.0', java.version: '1.8.0_144'
Driver info: org.openqa.selenium.chrome.ChromeDriver
Capabilities {acceptInsecureCerts: false, browserName: chrome, browserVersion: 77.0.3865.120, chrome: {chromedriverVersion: 77.0.3865.40 (f484704e052e0..., userDataDir: C:\Users\WELCOME\AppData\Lo...}, goog:chromeOptions: {debuggerAddress: localhost:61999}, javascriptEnabled: true, networkConnectionEnabled: false, pageLoadStrategy: normal, platform: XP, platformName: XP, proxy: Proxy(), setWindowRect: true, strictFileInteractability: false, timeouts: {implicit: 0, pageLoad: 300000, script: 30000}, unhandledPromptBehavior: dismiss and notify}
Session ID: 5ca033d3ffd925bb60e640df38a13fcd
*** Element info: {Using=xpath, value=//div[text()='CRM']}
2019-10-30 16:02:50,608 [main] WARN com.odoo.webutils.MyTestListener - createCustomer script is failed
2019-10-30 16:02:51,483 [main] INFO com.odoo.webutils.MyTestListener - createCustomer Failed & Screenshot has been taken 
2019-10-30 16:02:52,083 [main] INFO com.odoo.webutils.MyTestListener - CreatePipeline script execution starts
2019-10-30 16:02:52,087 [main] INFO com.odoo.webutils.MyTestListener - CreatePipeline script is skipped
2019-10-30 16:02:52,107 [main] INFO com.odoo.webutils.MyTestListener - ShiftPipeline script execution starts
2019-10-30 16:02:52,113 [main] INFO com.odoo.webutils.MyTestListener - ShiftPipeline script is skipped
2019-10-30 16:02:53,310 [main] INFO com.odoo.webutils.MyTestListener - editCustomer script execution starts
2019-10-30 16:02:53,598 [main] FATAL com.odoo.webutils.MyTestListener - no such window: target window already closed
from unknown error: web view not found
  (Session info: chrome=77.0.3865.120)
Build info: version: '3.141.59', revision: 'e82be7d358', time: '2018-11-14T08:17:03'
System info: host: 'DESKTOP-G24M896', ip: '172.20.10.6', os.name: 'Windows 10', os.arch: 'amd64', os.version: '10.0', java.version: '1.8.0_144'
Driver info: org.openqa.selenium.chrome.ChromeDriver
Capabilities {acceptInsecureCerts: false, browserName: chrome, browserVersion: 77.0.3865.120, chrome: {chromedriverVersion: 77.0.3865.40 (f484704e052e0..., userDataDir: C:\Users\WELCOME\AppData\Lo...}, goog:chromeOptions: {debuggerAddress: localhost:61999}, javascriptEnabled: true, networkConnectionEnabled: false, pageLoadStrategy: normal, platform: XP, platformName: XP, proxy: Proxy(), setWindowRect: true, strictFileInteractability: false, timeouts: {implicit: 0, pageLoad: 300000, script: 30000}, unhandledPromptBehavior: dismiss and notify}
Session ID: 5ca033d3ffd925bb60e640df38a13fcd
*** Element info: {Using=xpath, value=//input[@id='password']}
2019-10-30 16:02:53,602 [main] WARN com.odoo.webutils.MyTestListener - editCustomer script is failed
2019-10-30 16:02:53,620 [main] WARN com.odoo.webutils.MyTestListener - editCustomer script is failed
