2019-11-04 14:12:20,802 [main] INFO com.odoo.webutils.MyTestListener - Framework execution starts
2019-11-04 14:12:20,802 [main] INFO com.odoo.webutils.MyTestListener - Framework execution starts
2019-11-04 14:12:22,481 [main] INFO com.odoo.webutils.MyTestListener - Browser Launched and maximized
2019-11-04 14:12:22,560 [main] INFO com.odoo.webutils.MyTestListener - Browser Launched and maximized
2019-11-04 14:13:09,287 [main] INFO com.odoo.webutils.MyTestListener - CreateSalesTeam script execution starts
2019-11-04 14:13:09,452 [main] INFO com.odoo.webutils.MyTestListener - CreateSalesTeam script execution starts
2019-11-04 14:14:25,356 [main] FATAL com.odoo.webutils.MyTestListener - no such element: Unable to locate element: {"method":"xpath","selector":"//div[text()='CRM']"}
  (Session info: chrome=77.0.3865.120)
For documentation on this error, please visit: https://www.seleniumhq.org/exceptions/no_such_element.html
Build info: version: '3.141.59', revision: 'e82be7d358', time: '2018-11-14T08:17:03'
System info: host: 'DESKTOP-G24M896', ip: '127.0.0.1', os.name: 'Windows 10', os.arch: 'amd64', os.version: '10.0', java.version: '1.8.0_144'
Driver info: org.openqa.selenium.chrome.ChromeDriver
Capabilities {acceptInsecureCerts: false, browserName: chrome, browserVersion: 77.0.3865.120, chrome: {chromedriverVersion: 77.0.3865.40 (f484704e052e0..., userDataDir: C:\Users\WELCOME\AppData\Lo...}, goog:chromeOptions: {debuggerAddress: localhost:54981}, javascriptEnabled: true, networkConnectionEnabled: false, pageLoadStrategy: normal, platform: XP, platformName: XP, proxy: Proxy(), setWindowRect: true, strictFileInteractability: false, timeouts: {implicit: 0, pageLoad: 300000, script: 30000}, unhandledPromptBehavior: dismiss and notify}
Session ID: 215a1e575bb3aac94809aca4c8215e90
*** Element info: {Using=xpath, value=//div[text()='CRM']}
2019-11-04 14:14:25,904 [main] FATAL com.odoo.webutils.MyTestListener - Cannot locate an element using xpath=//div[text()='CRM']
For documentation on this error, please visit: https://www.seleniumhq.org/exceptions/no_such_element.html
Build info: version: '3.141.59', revision: 'e82be7d358', time: '2018-11-14T08:17:03'
System info: host: 'DESKTOP-G24M896', ip: '127.0.0.1', os.name: 'Windows 10', os.arch: 'amd64', os.version: '10.0', java.version: '1.8.0_144'
Driver info: driver.version: EventFiringWebDriver
2019-11-04 14:14:26,662 [main] WARN com.odoo.webutils.MyTestListener - CreateSalesTeam script is failed
2019-11-04 14:14:26,723 [main] WARN com.odoo.webutils.MyTestListener - CreateSalesTeam script is failed
2019-11-04 14:14:26,782 [main] WARN com.odoo.webutils.MyTestListener - CreateSalesTeam script is failed
2019-11-04 14:14:30,122 [main] INFO com.odoo.webutils.MyTestListener - CreateSalesTeam Failed & Screenshot has been taken 
2019-11-04 14:14:37,853 [main] WARN com.odoo.webutils.MyTestListener - CreateSalesTeam script is failed
